<?xml version="1.0" encoding="UTF-8"?>
<testsuite xmlns:xsi="http://www.w3.org/2001/XMLSchema-instance" xsi:noNamespaceSchemaLocation="https://maven.apache.org/surefire/maven-surefire-plugin/xsd/surefire-test-report.xsd" name="sample.servlet.SampleServletApplicationTests" time="4.856" tests="2" errors="0" skipped="0" failures="0">
  <properties>
[...]
</properties>
  <testcase name="testHome" classname="sample.servlet.SampleServletApplicationTests" time="1.069"/>
  <testcase name="testHomeIsSecure" classname="sample.servlet.SampleServletApplicationTests" time="0.017"/>
</testsuite>